[2019-02-15T19:21:14.964] [INFO] access - ::1 - - "GET / HTTP/1.1" 200 953 "" "Mozilla/5.0 (Windows NT 10.0; Win64; x64) AppleWebKit/537.36 (KHTML, like Gecko) Chrome/72.0.3626.109 Safari/537.36"
[2019-02-15T19:21:15.022] [INFO] access - ::1 - - "GET /css/app.3b405049.css HTTP/1.1" 200 21917 "http://localhost:8081/" "Mozilla/5.0 (Windows NT 10.0; Win64; x64) AppleWebKit/537.36 (KHTML, like Gecko) Chrome/72.0.3626.109 Safari/537.36"
[2019-02-15T19:21:15.023] [INFO] access - ::1 - - "GET /css/chunk-vendors.f6891030.css HTTP/1.1" 200 200801 "http://localhost:8081/" "Mozilla/5.0 (Windows NT 10.0; Win64; x64) AppleWebKit/537.36 (KHTML, like Gecko) Chrome/72.0.3626.109 Safari/537.36"
[2019-02-15T19:21:15.023] [INFO] access - ::1 - - "GET /js/app.d1c99539.js HTTP/1.1" 200 52435 "http://localhost:8081/" "Mozilla/5.0 (Windows NT 10.0; Win64; x64) AppleWebKit/537.36 (KHTML, like Gecko) Chrome/72.0.3626.109 Safari/537.36"
[2019-02-15T19:21:15.024] [INFO] access - ::1 - - "GET /js/chunk-vendors.59b5472d.js HTTP/1.1" 200 618406 "http://localhost:8081/" "Mozilla/5.0 (Windows NT 10.0; Win64; x64) AppleWebKit/537.36 (KHTML, like Gecko) Chrome/72.0.3626.109 Safari/537.36"
[2019-02-15T19:21:15.276] [INFO] access - ::1 - - "GET /img/logo.b7624e3a.png HTTP/1.1" 200 4317 "http://localhost:8081/" "Mozilla/5.0 (Windows NT 10.0; Win64; x64) AppleWebKit/537.36 (KHTML, like Gecko) Chrome/72.0.3626.109 Safari/537.36"
[2019-02-15T19:21:15.285] [INFO] access - ::1 - - "GET /img/home-ico.5618b626.png HTTP/1.1" 200 4547 "http://localhost:8081/" "Mozilla/5.0 (Windows NT 10.0; Win64; x64) AppleWebKit/537.36 (KHTML, like Gecko) Chrome/72.0.3626.109 Safari/537.36"
[2019-02-15T19:21:15.287] [INFO] access - ::1 - - "GET /img/about-site-ico.a5353ab1.png HTTP/1.1" 200 6679 "http://localhost:8081/" "Mozilla/5.0 (Windows NT 10.0; Win64; x64) AppleWebKit/537.36 (KHTML, like Gecko) Chrome/72.0.3626.109 Safari/537.36"
[2019-02-15T19:21:15.291] [INFO] access - ::1 - - "GET /img/github-ico.195bb530.png HTTP/1.1" 200 6481 "http://localhost:8081/" "Mozilla/5.0 (Windows NT 10.0; Win64; x64) AppleWebKit/537.36 (KHTML, like Gecko) Chrome/72.0.3626.109 Safari/537.36"
[2019-02-15T19:21:15.319] [INFO] access - ::1 - - "GET /articles/5c6015a37967ec204891a14e HTTP/1.1" 200 12059 "http://localhost:8081/" "Mozilla/5.0 (Windows NT 10.0; Win64; x64) AppleWebKit/537.36 (KHTML, like Gecko) Chrome/72.0.3626.109 Safari/537.36"
[2019-02-15T19:21:15.409] [INFO] access - ::1 - - "GET /comments?article_id=5c6015a37967ec204891a14e HTTP/1.1" 200 498 "http://localhost:8081/" "Mozilla/5.0 (Windows NT 10.0; Win64; x64) AppleWebKit/537.36 (KHTML, like Gecko) Chrome/72.0.3626.109 Safari/537.36"
[2019-02-15T19:21:15.412] [INFO] access - ::1 - - "GET /fonts/element-icons.2fad952a.woff HTTP/1.1" 200 6164 "http://localhost:8081/css/chunk-vendors.f6891030.css" "Mozilla/5.0 (Windows NT 10.0; Win64; x64) AppleWebKit/537.36 (KHTML, like Gecko) Chrome/72.0.3626.109 Safari/537.36"
[2019-02-15T19:21:15.989] [INFO] access - ::1 - - "GET /favicon.ico HTTP/1.1" 200 67646 "http://localhost:8081/" "Mozilla/5.0 (Windows NT 10.0; Win64; x64) AppleWebKit/537.36 (KHTML, like Gecko) Chrome/72.0.3626.109 Safari/537.36"
[2019-02-15T19:25:48.573] [INFO] access - ::1 - - "GET / HTTP/1.1" 200 953 "" "Mozilla/5.0 (Windows NT 10.0; Win64; x64) AppleWebKit/537.36 (KHTML, like Gecko) Chrome/72.0.3626.109 Safari/537.36"
[2019-02-15T19:25:48.634] [INFO] access - ::1 - - "GET /css/app.3b405049.css HTTP/1.1" 200 21917 "http://localhost:8081/" "Mozilla/5.0 (Windows NT 10.0; Win64; x64) AppleWebKit/537.36 (KHTML, like Gecko) Chrome/72.0.3626.109 Safari/537.36"
[2019-02-15T19:25:48.635] [INFO] access - ::1 - - "GET /css/chunk-vendors.f6891030.css HTTP/1.1" 200 200801 "http://localhost:8081/" "Mozilla/5.0 (Windows NT 10.0; Win64; x64) AppleWebKit/537.36 (KHTML, like Gecko) Chrome/72.0.3626.109 Safari/537.36"
[2019-02-15T19:25:48.636] [INFO] access - ::1 - - "GET /js/app.d1c99539.js HTTP/1.1" 200 52435 "http://localhost:8081/" "Mozilla/5.0 (Windows NT 10.0; Win64; x64) AppleWebKit/537.36 (KHTML, like Gecko) Chrome/72.0.3626.109 Safari/537.36"
[2019-02-15T19:25:48.636] [INFO] access - ::1 - - "GET /js/chunk-vendors.59b5472d.js HTTP/1.1" 200 618406 "http://localhost:8081/" "Mozilla/5.0 (Windows NT 10.0; Win64; x64) AppleWebKit/537.36 (KHTML, like Gecko) Chrome/72.0.3626.109 Safari/537.36"
[2019-02-15T19:25:48.928] [INFO] access - ::1 - - "GET /img/logo.b7624e3a.png HTTP/1.1" 200 4317 "http://localhost:8081/" "Mozilla/5.0 (Windows NT 10.0; Win64; x64) AppleWebKit/537.36 (KHTML, like Gecko) Chrome/72.0.3626.109 Safari/537.36"
[2019-02-15T19:25:48.938] [INFO] access - ::1 - - "GET /img/home-ico.5618b626.png HTTP/1.1" 200 4547 "http://localhost:8081/" "Mozilla/5.0 (Windows NT 10.0; Win64; x64) AppleWebKit/537.36 (KHTML, like Gecko) Chrome/72.0.3626.109 Safari/537.36"
[2019-02-15T19:25:48.940] [INFO] access - ::1 - - "GET /img/about-site-ico.a5353ab1.png HTTP/1.1" 200 6679 "http://localhost:8081/" "Mozilla/5.0 (Windows NT 10.0; Win64; x64) AppleWebKit/537.36 (KHTML, like Gecko) Chrome/72.0.3626.109 Safari/537.36"
[2019-02-15T19:25:48.945] [INFO] access - ::1 - - "GET /img/github-ico.195bb530.png HTTP/1.1" 200 6481 "http://localhost:8081/" "Mozilla/5.0 (Windows NT 10.0; Win64; x64) AppleWebKit/537.36 (KHTML, like Gecko) Chrome/72.0.3626.109 Safari/537.36"
[2019-02-15T19:25:48.974] [INFO] access - ::1 - - "GET /articles/5c6015a37967ec204891a14e HTTP/1.1" 200 12059 "http://localhost:8081/" "Mozilla/5.0 (Windows NT 10.0; Win64; x64) AppleWebKit/537.36 (KHTML, like Gecko) Chrome/72.0.3626.109 Safari/537.36"
[2019-02-15T19:25:49.070] [INFO] access - ::1 - - "GET /comments?article_id=5c6015a37967ec204891a14e HTTP/1.1" 200 498 "http://localhost:8081/" "Mozilla/5.0 (Windows NT 10.0; Win64; x64) AppleWebKit/537.36 (KHTML, like Gecko) Chrome/72.0.3626.109 Safari/537.36"
[2019-02-15T19:25:49.071] [INFO] access - ::1 - - "GET /fonts/element-icons.2fad952a.woff HTTP/1.1" 200 6164 "http://localhost:8081/css/chunk-vendors.f6891030.css" "Mozilla/5.0 (Windows NT 10.0; Win64; x64) AppleWebKit/537.36 (KHTML, like Gecko) Chrome/72.0.3626.109 Safari/537.36"
[2019-02-15T19:25:49.599] [INFO] access - ::1 - - "GET /img/carousel-item2.71a548ff.jpg HTTP/1.1" 200 62835 "http://localhost:8081/" "Mozilla/5.0 (Windows NT 10.0; Win64; x64) AppleWebKit/537.36 (KHTML, like Gecko) Chrome/72.0.3626.109 Safari/537.36"
[2019-02-15T19:25:49.610] [INFO] access - ::1 - - "GET /articles?time=1550229949578&page=0 HTTP/1.1" 200 835 "http://localhost:8081/" "Mozilla/5.0 (Windows NT 10.0; Win64; x64) AppleWebKit/537.36 (KHTML, like Gecko) Chrome/72.0.3626.109 Safari/537.36"
[2019-02-15T19:25:49.622] [INFO] access - ::1 - - "GET /img/article-img.9e799920.jpg HTTP/1.1" 200 6374 "http://localhost:8081/" "Mozilla/5.0 (Windows NT 10.0; Win64; x64) AppleWebKit/537.36 (KHTML, like Gecko) Chrome/72.0.3626.109 Safari/537.36"
[2019-02-15T19:25:50.626] [INFO] access - ::1 - - "GET /favicon.ico HTTP/1.1" 200 67646 "http://localhost:8081/" "Mozilla/5.0 (Windows NT 10.0; Win64; x64) AppleWebKit/537.36 (KHTML, like Gecko) Chrome/72.0.3626.109 Safari/537.36"
[2019-02-15T19:25:51.146] [INFO] access - ::1 - - "GET /articles/5c6015a37967ec204891a14e HTTP/1.1" 200 12059 "http://localhost:8081/" "Mozilla/5.0 (Windows NT 10.0; Win64; x64) AppleWebKit/537.36 (KHTML, like Gecko) Chrome/72.0.3626.109 Safari/537.36"
[2019-02-15T19:25:51.177] [INFO] access - ::1 - - "GET /comments?article_id=5c6015a37967ec204891a14e HTTP/1.1" 200 498 "http://localhost:8081/" "Mozilla/5.0 (Windows NT 10.0; Win64; x64) AppleWebKit/537.36 (KHTML, like Gecko) Chrome/72.0.3626.109 Safari/537.36"
[2019-02-15T19:26:05.266] [INFO] access - ::1 - - "POST /users/signin HTTP/1.1" 200 435 "http://localhost:8081/" "Mozilla/5.0 (Windows NT 10.0; Win64; x64) AppleWebKit/537.36 (KHTML, like Gecko) Chrome/72.0.3626.109 Safari/537.36"
[2019-02-15T19:26:05.311] [INFO] access - ::1 - - "GET /img/logo.b7624e3a.png HTTP/1.1" 200 4317 "http://localhost:8081/" "Mozilla/5.0 (Windows NT 10.0; Win64; x64) AppleWebKit/537.36 (KHTML, like Gecko) Chrome/72.0.3626.109 Safari/537.36"
[2019-02-15T19:26:05.319] [INFO] access - ::1 - - "GET /img/home-ico.5618b626.png HTTP/1.1" 200 4547 "http://localhost:8081/" "Mozilla/5.0 (Windows NT 10.0; Win64; x64) AppleWebKit/537.36 (KHTML, like Gecko) Chrome/72.0.3626.109 Safari/537.36"
[2019-02-15T19:26:05.320] [INFO] access - ::1 - - "GET /img/about-site-ico.a5353ab1.png HTTP/1.1" 200 6679 "http://localhost:8081/" "Mozilla/5.0 (Windows NT 10.0; Win64; x64) AppleWebKit/537.36 (KHTML, like Gecko) Chrome/72.0.3626.109 Safari/537.36"
[2019-02-15T19:26:05.321] [INFO] access - ::1 - - "GET /img/github-ico.195bb530.png HTTP/1.1" 200 6481 "http://localhost:8081/" "Mozilla/5.0 (Windows NT 10.0; Win64; x64) AppleWebKit/537.36 (KHTML, like Gecko) Chrome/72.0.3626.109 Safari/537.36"
[2019-02-15T19:26:05.326] [INFO] access - ::1 - - "GET /img/carousel-item2.71a548ff.jpg HTTP/1.1" 200 62835 "http://localhost:8081/" "Mozilla/5.0 (Windows NT 10.0; Win64; x64) AppleWebKit/537.36 (KHTML, like Gecko) Chrome/72.0.3626.109 Safari/537.36"
[2019-02-15T19:26:05.335] [INFO] access - ::1 - - "GET /articles?time=1550229965297&page=0 HTTP/1.1" 200 835 "http://localhost:8081/" "Mozilla/5.0 (Windows NT 10.0; Win64; x64) AppleWebKit/537.36 (KHTML, like Gecko) Chrome/72.0.3626.109 Safari/537.36"
[2019-02-15T19:26:05.358] [INFO] access - ::1 - - "GET /users/public HTTP/1.1" 200 113 "http://localhost:8081/" "Mozilla/5.0 (Windows NT 10.0; Win64; x64) AppleWebKit/537.36 (KHTML, like Gecko) Chrome/72.0.3626.109 Safari/537.36"
[2019-02-15T19:26:05.359] [INFO] access - ::1 - - "GET /img/article-img.9e799920.jpg HTTP/1.1" 200 6374 "http://localhost:8081/" "Mozilla/5.0 (Windows NT 10.0; Win64; x64) AppleWebKit/537.36 (KHTML, like Gecko) Chrome/72.0.3626.109 Safari/537.36"
[2019-02-15T19:26:07.052] [INFO] access - ::1 - - "GET /articles/5c6015a37967ec204891a14e HTTP/1.1" 200 12059 "http://localhost:8081/" "Mozilla/5.0 (Windows NT 10.0; Win64; x64) AppleWebKit/537.36 (KHTML, like Gecko) Chrome/72.0.3626.109 Safari/537.36"
[2019-02-15T19:26:07.080] [INFO] access - ::1 - - "GET /comments?article_id=5c6015a37967ec204891a14e HTTP/1.1" 200 498 "http://localhost:8081/" "Mozilla/5.0 (Windows NT 10.0; Win64; x64) AppleWebKit/537.36 (KHTML, like Gecko) Chrome/72.0.3626.109 Safari/537.36"
[2019-02-15T19:26:14.452] [INFO] access - ::1 - - "GET /articles/5c6015347967ec204891a14c HTTP/1.1" 200 10336 "http://localhost:8081/" "Mozilla/5.0 (Windows NT 10.0; Win64; x64) AppleWebKit/537.36 (KHTML, like Gecko) Chrome/72.0.3626.109 Safari/537.36"
[2019-02-15T19:26:14.476] [INFO] access - ::1 - - "GET /comments?article_id=5c6015347967ec204891a14c HTTP/1.1" 200 275 "http://localhost:8081/" "Mozilla/5.0 (Windows NT 10.0; Win64; x64) AppleWebKit/537.36 (KHTML, like Gecko) Chrome/72.0.3626.109 Safari/537.36"
